<?xml version="1.0" encoding="UTF-8"?>
<!-- Generated by org.testng.reporters.JUnitReportReporter -->
<testsuite skipped="0" hostname="LAPTOP-75AALNAG" name="Demo.testng.Demo1" tests="2" failures="0" timestamp="2021-02-02T17:16:14 IST" time="142.483" errors="0">
  <testcase name="tc_2" time="91.328" classname="Demo.testng.Demo1"/>
  <system-out/>
  <testcase name="tc_1" time="51.155" classname="Demo.testng.Demo1"/>
  <system-out/>
</testsuite> <!-- Demo.testng.Demo1 -->
