<?xml version="1.0" encoding="UTF-8"?>
<!-- Generated by org.testng.reporters.JUnitReportReporter -->
<testsuite skipped="0" hostname="LAPTOP-75AALNAG" name="Demo.testng.Demo3" tests="3" failures="0" timestamp="2021-02-03T17:11:30 IST" time="0.237" errors="0">
  <testcase name="tc3" time="0.003" classname="Demo.testng.Demo3"/>
  <system-out>
Hey3....!  </system-out>
  <testcase name="tc1" time="0.003" classname="Demo.testng.Demo3"/>
  <system-out>
Hey1....!  </system-out>
  <testcase name="tc2" time="0.231" classname="Demo.testng.Demo3"/>
  <system-out>
Hey2....!  </system-out>
</testsuite> <!-- Demo.testng.Demo3 -->
