<?xml version="1.0" encoding="UTF-8"?>
<!-- Generated by org.testng.reporters.JUnitReportReporter -->
<testsuite skipped="0" hostname="LAPTOP-75AALNAG" name="Demo.testng.DemoChild" tests="2" failures="0" timestamp="2021-02-02T17:38:59 IST" time="101.068" errors="0">
  <testcase name="tc_2" time="41.315" classname="Demo.testng.DemoChild"/>
  <system-out/>
  <testcase name="tc_1" time="59.753" classname="Demo.testng.DemoChild"/>
  <system-out/>
</testsuite> <!-- Demo.testng.DemoChild -->
