<?xml version="1.0" encoding="UTF-8"?>
<!-- Generated by org.testng.reporters.JUnitReportReporter -->
<testsuite skipped="0" hostname="LAPTOP-75AALNAG" name="Demo.testng.Demo2" tests="2" failures="0" timestamp="2021-02-03T16:22:54 IST" time="0.642" errors="0">
  <testcase name="tc1" time="0.523" classname="Demo.testng.Demo2"/>
  <system-out/>
  <testcase name="tc2" time="0.119" classname="Demo.testng.Demo2"/>
  <system-out/>
</testsuite> <!-- Demo.testng.Demo2 -->
