<?xml version="1.0" encoding="UTF-8"?>
<!-- Generated by org.testng.reporters.JUnitReportReporter -->
<testsuite skipped="0" hostname="LAPTOP-75AALNAG" name="Demo.testng.Parallel1$Parallel2" tests="1" failures="0" timestamp="2021-02-05T18:06:04 IST" time="80.199" errors="0">
  <testcase name="TC2" time="80.199" classname="Demo.testng.Parallel1$Parallel2"/>
  <system-out/>
</testsuite> <!-- Demo.testng.Parallel1$Parallel2 -->
