<?xml version="1.0" encoding="UTF-8"?>
<!-- Generated by org.testng.reporters.JUnitReportReporter -->
<testsuite skipped="0" hostname="LAPTOP-75AALNAG" name="Demo.testng.DemoDataProvider" tests="3" failures="0" timestamp="2021-02-04T16:07:39 IST" time="0.492" errors="0">
  <testcase name="tc" time="0.314" classname="Demo.testng.DemoDataProvider"/>
  <system-out>
UserA A  </system-out>
  <testcase name="tc" time="0.130" classname="Demo.testng.DemoDataProvider"/>
  <system-out>
UserB B  </system-out>
  <testcase name="tc" time="0.048" classname="Demo.testng.DemoDataProvider"/>
  <system-out>
UserC C  </system-out>
</testsuite> <!-- Demo.testng.DemoDataProvider -->
