<?xml version="1.0" encoding="UTF-8"?>
<!-- Generated by org.testng.reporters.JUnitReportReporter -->
<testsuite skipped="0" hostname="LAPTOP-75AALNAG" name="Demo.testng.Demo4" tests="7" failures="0" timestamp="2021-02-03T17:55:31 IST" time="0.961" errors="0">
  <testcase name="tc4" time="0.001" classname="Demo.testng.Demo4"/>
  <system-out>
Hey4....!  </system-out>
  <testcase name="tc3" time="0.094" classname="Demo.testng.Demo4"/>
  <system-out>
Hey3....!  </system-out>
  <testcase name="tc6" time="0.007" classname="Demo.testng.Demo4"/>
  <system-out>
Hey6....!  </system-out>
  <testcase name="tc5" time="0.123" classname="Demo.testng.Demo4"/>
  <system-out>
Hey5....!  </system-out>
  <testcase name="tc2" time="0.076" classname="Demo.testng.Demo4"/>
  <system-out>
Hey2....!  </system-out>
  <testcase name="tc7" time="0.094" classname="Demo.testng.Demo4"/>
  <system-out>
Hey7....!  </system-out>
  <testcase name="tc1" time="0.566" classname="Demo.testng.Demo4"/>
  <system-out>
Hey1....!  </system-out>
</testsuite> <!-- Demo.testng.Demo4 -->
